#-----------------------------------------------------------
# Vivado v2017.4 (64-bit)
# SW Build 2086221 on Fri Dec 15 20:55:39 MST 2017
# IP Build 2085800 on Fri Dec 15 22:25:07 MST 2017
# Start of session at: Mon Jun 20 11:12:43 2022
# Process ID: 18972
# Current directory: D:/14.7/LabofCOAD/project5/OExp02-IP2SOC_pipline _1
# Command line: vivado.exe -gui_launcher_event rodinguilauncherevent3716 D:\14.7\LabofCOAD\project5\OExp02-IP2SOC_pipline _1\OExp02-IP2SOC.xpr
# Log file: D:/14.7/LabofCOAD/project5/OExp02-IP2SOC_pipline _1/vivado.log
# Journal file: D:/14.7/LabofCOAD/project5/OExp02-IP2SOC_pipline _1\vivado.jou
#-----------------------------------------------------------
start_gui
open_project {D:/14.7/LabofCOAD/project5/OExp02-IP2SOC_pipline _1/OExp02-IP2SOC.xpr}
Scanning sources...
Finished scanning sources
INFO: [IP_Flow 19-234] Refreshing IP repositories
INFO: [IP_Flow 19-1700] Loaded user IP repository 'd:/14.7/LabofCOAD/project2/Lab02 CPU实验环境搭建/Lab02 CPU实验环境搭建（学生版）/OExp02-IP2SOC/IP/Supplementary'.
INFO: [IP_Flow 19-2313] Loaded Vivado IP repository 'D:/Xilinx/Vivado/2017.4/data/ip'.
open_project: Time (s): cpu = 00:00:21 ; elapsed = 00:00:11 . Memory (MB): peak = 830.746 ; gain = 112.457
update_compile_order -fileset sources_1
open_hw
