Vivado Simulator 2017.4
Copyright 1986-1999, 2001-2016 Xilinx, Inc. All Rights Reserved.
Running: D:/Xilinx/Vivado/2017.4/bin/unwrapped/win64.o/xelab.exe -wto 8a6cf33d3da1452180212d92b72027ae --incr --debug typical --relax --mt 2 -L xil_defaultlib -L unisims_ver -L unimacro_ver -L secureip --snapshot datapath_tb_behav xil_defaultlib.datapath_tb xil_defaultlib.glbl -log elaborate.log 
Using 2 slave threads.
Starting static elaboration
Completed static elaboration
Starting simulation data flow analysis
Completed simulation data flow analysis
Time Resolution for simulation is 1ps
Compiling module xil_defaultlib.ImmGen
Compiling module xil_defaultlib.add_32
Compiling module xil_defaultlib.MUX2T1_32
Compiling module xil_defaultlib.MUX4T1_32
Compiling module xil_defaultlib.regs
Compiling module xil_defaultlib.ALU
Compiling module xil_defaultlib.REG32
Compiling module xil_defaultlib.DataPath_more
Compiling module xil_defaultlib.datapath_tb
Compiling module xil_defaultlib.glbl
Built simulation snapshot datapath_tb_behav
